{"contracts/Voting.sol":{"l":{"45":73,"46":72,"54":15,"58":10,"65":36,"66":34,"68":32,"69":32,"83":22,"84":20,"87":18,"88":18,"89":18,"90":18,"96":25,"97":23,"98":21,"100":19,"101":19,"102":19,"104":19,"135":28,"136":26,"137":26,"141":19,"142":17,"143":17,"147":16,"148":14,"149":14,"153":8,"154":6,"155":6,"184":5,"185":3,"186":3,"187":6,"188":3,"191":3,"193":3,"194":3},"path":"/home/ludo/Alyra-TPs/Developpeur-Ethereum-Template/4. Truffle & CI-CD/TP2-TestVoting/contracts/Voting.sol","s":{"1":73,"2":15,"3":10,"4":36,"5":34,"6":32,"7":32,"8":22,"9":20,"10":18,"11":18,"12":18,"13":18,"14":25,"15":23,"16":21,"17":19,"18":19,"19":19,"20":28,"21":26,"22":26,"23":19,"24":17,"25":17,"26":16,"27":14,"28":14,"29":8,"30":6,"31":6,"32":5,"33":3,"34":3,"35":6,"36":3,"37":3,"38":3,"39":3},"b":{"1":[72,1],"2":[34,2],"3":[32,2],"4":[20,2],"5":[18,2],"6":[23,2],"7":[21,2],"8":[19,2],"9":[26,2],"10":[17,2],"11":[14,2],"12":[6,2],"13":[3,2],"14":[3,3]},"f":{"1":73,"2":15,"3":10,"4":36,"5":22,"6":25,"7":28,"8":19,"9":16,"10":8,"11":5},"fnMap":{"1":{"name":"onlyVoters","line":44,"loc":{"start":{"line":44,"column":4},"end":{"line":47,"column":4}}},"2":{"name":"getVoter","line":53,"loc":{"start":{"line":53,"column":4},"end":{"line":55,"column":4}}},"3":{"name":"getOneProposal","line":57,"loc":{"start":{"line":57,"column":4},"end":{"line":59,"column":4}}},"4":{"name":"addVoter","line":64,"loc":{"start":{"line":64,"column":4},"end":{"line":70,"column":4}}},"5":{"name":"addProposal","line":82,"loc":{"start":{"line":82,"column":4},"end":{"line":91,"column":4}}},"6":{"name":"setVote","line":95,"loc":{"start":{"line":95,"column":4},"end":{"line":105,"column":4}}},"7":{"name":"startProposalsRegistering","line":134,"loc":{"start":{"line":134,"column":4},"end":{"line":138,"column":4}}},"8":{"name":"endProposalsRegistering","line":140,"loc":{"start":{"line":140,"column":4},"end":{"line":144,"column":4}}},"9":{"name":"startVotingSession","line":146,"loc":{"start":{"line":146,"column":4},"end":{"line":150,"column":4}}},"10":{"name":"endVotingSession","line":152,"loc":{"start":{"line":152,"column":4},"end":{"line":156,"column":4}}},"11":{"name":"tallyVotes","line":183,"loc":{"start":{"line":183,"column":3},"end":{"line":195,"column":4}}}},"statementMap":{"1":{"start":{"line":45,"column":8},"end":{"line":45,"column":69}},"2":{"start":{"line":54,"column":8},"end":{"line":54,"column":28}},"3":{"start":{"line":58,"column":8},"end":{"line":58,"column":34}},"4":{"start":{"line":65,"column":8},"end":{"line":65,"column":105}},"5":{"start":{"line":66,"column":8},"end":{"line":66,"column":72}},"6":{"start":{"line":68,"column":8},"end":{"line":68,"column":40}},"7":{"start":{"line":69,"column":8},"end":{"line":69,"column":35}},"8":{"start":{"line":83,"column":8},"end":{"line":83,"column":110}},"9":{"start":{"line":84,"column":8},"end":{"line":84,"column":112}},"10":{"start":{"line":87,"column":8},"end":{"line":87,"column":32}},"11":{"start":{"line":88,"column":8},"end":{"line":88,"column":35}},"12":{"start":{"line":89,"column":8},"end":{"line":89,"column":36}},"13":{"start":{"line":90,"column":8},"end":{"line":90,"column":56}},"14":{"start":{"line":96,"column":8},"end":{"line":96,"column":106}},"15":{"start":{"line":97,"column":8},"end":{"line":97,"column":77}},"16":{"start":{"line":98,"column":8},"end":{"line":98,"column":65}},"17":{"start":{"line":100,"column":8},"end":{"line":100,"column":47}},"18":{"start":{"line":101,"column":8},"end":{"line":101,"column":41}},"19":{"start":{"line":104,"column":8},"end":{"line":104,"column":35}},"20":{"start":{"line":135,"column":8},"end":{"line":135,"column":111}},"21":{"start":{"line":136,"column":8},"end":{"line":136,"column":67}},"22":{"start":{"line":137,"column":8},"end":{"line":137,"column":112}},"23":{"start":{"line":141,"column":8},"end":{"line":141,"column":121}},"24":{"start":{"line":142,"column":8},"end":{"line":142,"column":65}},"25":{"start":{"line":143,"column":8},"end":{"line":143,"column":121}},"26":{"start":{"line":147,"column":8},"end":{"line":147,"column":122}},"27":{"start":{"line":148,"column":8},"end":{"line":148,"column":59}},"28":{"start":{"line":149,"column":8},"end":{"line":149,"column":113}},"29":{"start":{"line":153,"column":8},"end":{"line":153,"column":106}},"30":{"start":{"line":154,"column":8},"end":{"line":154,"column":57}},"31":{"start":{"line":155,"column":8},"end":{"line":155,"column":105}},"32":{"start":{"line":184,"column":7},"end":{"line":184,"column":112}},"33":{"start":{"line":185,"column":7},"end":{"line":185,"column":30}},"34":{"start":{"line":186,"column":6},"end":{"line":186,"column":7099}},"35":{"start":{"line":187,"column":11},"end":{"line":187,"column":7167}},"36":{"start":{"line":188,"column":15},"end":{"line":188,"column":36}},"37":{"start":{"line":191,"column":7},"end":{"line":191,"column":44}},"38":{"start":{"line":193,"column":7},"end":{"line":193,"column":50}},"39":{"start":{"line":194,"column":7},"end":{"line":194,"column":96}}},"branchMap":{"1":{"line":45,"type":"if","locations":[{"start":{"line":45,"column":8},"end":{"line":45,"column":8}},{"start":{"line":45,"column":8},"end":{"line":45,"column":8}}]},"2":{"line":65,"type":"if","locations":[{"start":{"line":65,"column":8},"end":{"line":65,"column":8}},{"start":{"line":65,"column":8},"end":{"line":65,"column":8}}]},"3":{"line":66,"type":"if","locations":[{"start":{"line":66,"column":8},"end":{"line":66,"column":8}},{"start":{"line":66,"column":8},"end":{"line":66,"column":8}}]},"4":{"line":83,"type":"if","locations":[{"start":{"line":83,"column":8},"end":{"line":83,"column":8}},{"start":{"line":83,"column":8},"end":{"line":83,"column":8}}]},"5":{"line":84,"type":"if","locations":[{"start":{"line":84,"column":8},"end":{"line":84,"column":8}},{"start":{"line":84,"column":8},"end":{"line":84,"column":8}}]},"6":{"line":96,"type":"if","locations":[{"start":{"line":96,"column":8},"end":{"line":96,"column":8}},{"start":{"line":96,"column":8},"end":{"line":96,"column":8}}]},"7":{"line":97,"type":"if","locations":[{"start":{"line":97,"column":8},"end":{"line":97,"column":8}},{"start":{"line":97,"column":8},"end":{"line":97,"column":8}}]},"8":{"line":98,"type":"if","locations":[{"start":{"line":98,"column":8},"end":{"line":98,"column":8}},{"start":{"line":98,"column":8},"end":{"line":98,"column":8}}]},"9":{"line":135,"type":"if","locations":[{"start":{"line":135,"column":8},"end":{"line":135,"column":8}},{"start":{"line":135,"column":8},"end":{"line":135,"column":8}}]},"10":{"line":141,"type":"if","locations":[{"start":{"line":141,"column":8},"end":{"line":141,"column":8}},{"start":{"line":141,"column":8},"end":{"line":141,"column":8}}]},"11":{"line":147,"type":"if","locations":[{"start":{"line":147,"column":8},"end":{"line":147,"column":8}},{"start":{"line":147,"column":8},"end":{"line":147,"column":8}}]},"12":{"line":153,"type":"if","locations":[{"start":{"line":153,"column":8},"end":{"line":153,"column":8}},{"start":{"line":153,"column":8},"end":{"line":153,"column":8}}]},"13":{"line":184,"type":"if","locations":[{"start":{"line":184,"column":7},"end":{"line":184,"column":7}},{"start":{"line":184,"column":7},"end":{"line":184,"column":7}}]},"14":{"line":187,"type":"if","locations":[{"start":{"line":187,"column":11},"end":{"line":187,"column":11}},{"start":{"line":187,"column":11},"end":{"line":187,"column":11}}]}}}}