TN:
SF:/home/ludo/Alyra-TPs/Developpeur-Ethereum-Template/4. Truffle & CI-CD/TP2-TestVoting/contracts/Voting.sol
FN:44,onlyVoters
FN:53,getVoter
FN:57,getOneProposal
FN:64,addVoter
FN:82,addProposal
FN:95,setVote
FN:134,startProposalsRegistering
FN:140,endProposalsRegistering
FN:146,startVotingSession
FN:152,endVotingSession
FN:183,tallyVotes
FNF:11
FNH:11
FNDA:73,onlyVoters
FNDA:15,getVoter
FNDA:10,getOneProposal
FNDA:36,addVoter
FNDA:22,addProposal
FNDA:25,setVote
FNDA:28,startProposalsRegistering
FNDA:19,endProposalsRegistering
FNDA:16,startVotingSession
FNDA:8,endVotingSession
FNDA:5,tallyVotes
DA:45,73
DA:46,72
DA:54,15
DA:58,10
DA:65,36
DA:66,34
DA:68,32
DA:69,32
DA:83,22
DA:84,20
DA:87,18
DA:88,18
DA:89,18
DA:90,18
DA:96,25
DA:97,23
DA:98,21
DA:100,19
DA:101,19
DA:102,19
DA:104,19
DA:135,28
DA:136,26
DA:137,26
DA:141,19
DA:142,17
DA:143,17
DA:147,16
DA:148,14
DA:149,14
DA:153,8
DA:154,6
DA:155,6
DA:184,5
DA:185,3
DA:186,3
DA:187,6
DA:188,3
DA:191,3
DA:193,3
DA:194,3
LF:41
LH:41
BRDA:45,1,0,72
BRDA:45,1,1,1
BRDA:65,2,0,34
BRDA:65,2,1,2
BRDA:66,3,0,32
BRDA:66,3,1,2
BRDA:83,4,0,20
BRDA:83,4,1,2
BRDA:84,5,0,18
BRDA:84,5,1,2
BRDA:96,6,0,23
BRDA:96,6,1,2
BRDA:97,7,0,21
BRDA:97,7,1,2
BRDA:98,8,0,19
BRDA:98,8,1,2
BRDA:135,9,0,26
BRDA:135,9,1,2
BRDA:141,10,0,17
BRDA:141,10,1,2
BRDA:147,11,0,14
BRDA:147,11,1,2
BRDA:153,12,0,6
BRDA:153,12,1,2
BRDA:184,13,0,3
BRDA:184,13,1,2
BRDA:187,14,0,3
BRDA:187,14,1,3
BRF:28
BRH:28
end_of_record
